22:02:58.014 [main] DEBUG com.intuit.karate.Suite - [config] classpath:karate-config.js
22:02:58.024 [main] DEBUG com.intuit.karate.Suite - waiting for 2 features to complete
22:02:59.218 [pool-1-thread-2] INFO  com.intuit.karate - karate.env system property was: null 
22:02:59.254 [pool-1-thread-3] INFO  com.intuit.karate - karate.env system property was: null 
22:02:59.261 [pool-1-thread-1] INFO  com.intuit.karate - karate.env system property was: null 
22:02:59.371 [pool-1-thread-1] DEBUG com.intuit.karate.shell.Command - found / verified free local port: 9515
22:02:59.375 [chromedriver_1676559779345] DEBUG c.i.k.d.chromedriver_1676559779345 - command: [/Users/axelyudhiputra/Downloads/myproject/./src/test/java/driver/chromedriver, --port=9515, --user-data-dir=/Users/axelyudhiputra/Downloads/myproject/target/chromedriver_1676559779345], working dir: target/chromedriver_1676559779345
22:02:59.380 [pool-1-thread-1] DEBUG c.i.k.d.chromedriver_1676559779345 - poll attempt #0 for port to be ready - localhost:9515
22:02:59.393 [chromedriver_1676559779345-out] DEBUG c.i.k.d.chromedriver_1676559779345 - Starting ChromeDriver 110.0.5481.77 (65ed616c6e8ee3fe0ad64fe83796c020644d42af-refs/branch-heads/5481@{#839}) on port 9515
22:02:59.393 [chromedriver_1676559779345-out] DEBUG c.i.k.d.chromedriver_1676559779345 - Only local connections are allowed.
22:02:59.393 [chromedriver_1676559779345-out] DEBUG c.i.k.d.chromedriver_1676559779345 - Please see https://chromedriver.chromium.org/security-considerations for suggestions on keeping ChromeDriver safe.
22:02:59.400 [chromedriver_1676559779345-out] DEBUG c.i.k.d.chromedriver_1676559779345 - ChromeDriver was started successfully.
22:02:59.590 [pool-1-thread-2] DEBUG com.intuit.karate - request:
1 > GET https://jsonplaceholder.typicode.com/posts?offset=0&limit=10
1 > Host: jsonplaceholder.typicode.com
1 > Connection: Keep-Alive
1 > User-Agent: Apache-HttpClient/4.5.13 (Java/18.0.1.1)
1 > Accept-Encoding: gzip,deflate


22:02:59.590 [pool-1-thread-3] DEBUG com.intuit.karate - request:
1 > POST https://jsonplaceholder.typicode.com/posts
1 > Content-Type: application/json; charset=UTF-8
1 > Content-Length: 275
1 > Host: jsonplaceholder.typicode.com
1 > Connection: Keep-Alive
1 > User-Agent: Apache-HttpClient/4.5.13 (Java/18.0.1.1)
1 > Accept-Encoding: gzip,deflate
{"userId":1,"id":1,"title":"sunt aut facere repellat provident occaecati excepturi optio reprehenderit","body":"quia et suscipit\nsuscipit recusandae consequuntur expedita et cum\nreprehenderit molestiae ut ut quas totam\nnostrum rerum est autem sunt rem eveniet architecto"}

22:02:59.642 [pool-1-thread-1] DEBUG c.i.k.d.chromedriver_1676559779345 - poll attempt #1 for port to be ready - localhost:9515
22:02:59.656 [pool-1-thread-1] DEBUG com.intuit.karate - request:
1 > POST http://localhost:9515/session
1 > Content-Type: application/json; charset=UTF-8
1 > Content-Length: 57
1 > Host: localhost:9515
1 > Connection: Keep-Alive
1 > User-Agent: Apache-HttpClient/4.5.13 (Java/18.0.1.1)
1 > Accept-Encoding: gzip,deflate
{"capabilities":{"alwaysMatch":{"browserName":"chrome"}}}

22:02:59.882 [pool-1-thread-2] DEBUG com.intuit.karate - response time in milliseconds: 289
1 < 200
1 < Date: Thu, 16 Feb 2023 15:02:59 GMT
1 < Content-Type: application/json; charset=utf-8
1 < Transfer-Encoding: chunked
1 < Connection: keep-alive
1 < X-Powered-By: Express
1 < X-Ratelimit-Limit: 1000
1 < X-Ratelimit-Remaining: 998
1 < X-Ratelimit-Reset: 1676558865
1 < Vary: Origin, Accept-Encoding
1 < Access-Control-Allow-Credentials: true
1 < Cache-Control: max-age=43200
1 < Pragma: no-cache
1 < Expires: -1
1 < X-Content-Type-Options: nosniff
1 < Etag: W/"6b80-Ybsq/K6GwwqrYkAsFxqDXGC7DoM"
1 < Via: 1.1 vegur
1 < CF-Cache-Status: HIT
1 < Age: 921
1 < Server-Timing: cf-q-config;dur=7.0000000960135e-06
1 < Report-To: {"endpoints":[{"url":"https:\/\/a.nel.cloudflare.com\/report\/v3?s=n3s2D1cPdr83rCTRFLOvyMga9HBoXd8nfWvvIHMt6HKbAzbHDoSOh0%2FPko6vRlDKQIBLTTaMNPuPuyCCjgVl%2FAxR3wwoehhG28wukcTuYt3GIOJXKdL4jZSafU6TgPYvURLdet2uLwl%2BXA%2Blva1Q"}],"group":"cf-nel","max_age":604800}
1 < NEL: {"success_fraction":0,"report_to":"cf-nel","max_age":604800}
1 < Server: cloudflare
1 < CF-RAY: 79a72ae0ab4edf8b-CGK
1 < alt-svc: h3=":443"; ma=86400, h3-29=":443"; ma=86400
[
  {
    "userId": 1,
    "id": 1,
    "title": "sunt aut facere repellat provident occaecati excepturi optio reprehenderit",
    "body": "quia et suscipit\nsuscipit recusandae consequuntur expedita et cum\nreprehenderit molestiae ut ut quas totam\nnostrum rerum est autem sunt rem eveniet architecto"
  },
  {
    "userId": 1,
    "id": 2,
    "title": "qui est esse",
    "body": "est rerum tempore vitae\nsequi sint nihil reprehenderit dolor beatae ea dolores neque\nfugiat blanditiis voluptate porro vel nihil molestiae ut reiciendis\nqui aperiam non debitis possimus qui neque nisi nulla"
  },
  {
    "userId": 1,
    "id": 3,
    "title": "ea molestias quasi exercitationem repellat qui ipsa sit aut",
    "body": "et iusto sed quo iure\nvoluptatem occaecati omnis eligendi aut ad\nvoluptatem doloribus vel accusantium quis pariatur\nmolestiae porro eius odio et labore et velit aut"
  },
  {
    "userId": 1,
    "id": 4,
    "title": "eum et est occaecati",
    "body": "ullam et saepe reiciendis voluptatem adipisci\nsit amet autem assumenda provident rerum culpa\nquis hic commodi nesciunt rem tenetur doloremque ipsam iure\nquis sunt voluptatem rerum illo velit"
  },
  {
    "userId": 1,
    "id": 5,
    "title": "nesciunt quas odio",
    "body": "repudiandae veniam quaerat sunt sed\nalias aut fugiat sit autem sed est\nvoluptatem omnis possimus esse voluptatibus quis\nest aut tenetur dolor neque"
  },
  {
    "userId": 1,
    "id": 6,
    "title": "dolorem eum magni eos aperiam quia",
    "body": "ut aspernatur corporis harum nihil quis provident sequi\nmollitia nobis aliquid molestiae\nperspiciatis et ea nemo ab reprehenderit accusantium quas\nvoluptate dolores velit et doloremque molestiae"
  },
  {
    "userId": 1,
    "id": 7,
    "title": "magnam facilis autem",
    "body": "dolore placeat quibusdam ea quo vitae\nmagni quis enim qui quis quo nemo aut saepe\nquidem repellat excepturi ut quia\nsunt ut sequi eos ea sed quas"
  },
  {
    "userId": 1,
    "id": 8,
    "title": "dolorem dolore est ipsam",
    "body": "dignissimos aperiam dolorem qui eum\nfacilis quibusdam animi sint suscipit qui sint possimus cum\nquaerat magni maiores excepturi\nipsam ut commodi dolor voluptatum modi aut vitae"
  },
  {
    "userId": 1,
    "id": 9,
    "title": "nesciunt iure omnis dolorem tempora et accusantium",
    "body": "consectetur animi nesciunt iure dolore\nenim quia ad\nveniam autem ut quam aut nobis\net est aut quod aut provident voluptas autem voluptas"
  },
  {
    "userId": 1,
    "id": 10,
    "title": "optio molestias id quia eum",
    "body": "quo et expedita modi cum officia vel magni\ndoloribus qui repudiandae\nvero nisi sit\nquos veniam quod sed accusamus veritatis error"
  },
  {
    "userId": 2,
    "id": 11,
    "title": "et ea vero quia laudantium autem",
    "body": "delectus reiciendis molestiae occaecati non minima eveniet qui voluptatibus\naccusamus in eum beatae sit\nvel qui neque voluptates ut commodi qui incidunt\nut animi commodi"
  },
  {
    "userId": 2,
    "id": 12,
    "title": "in quibusdam tempore odit est dolorem",
    "body": "itaque id aut magnam\npraesentium quia et ea odit et ea voluptas et\nsapiente quia nihil amet occaecati quia id voluptatem\nincidunt ea est distinctio odio"
  },
  {
    "userId": 2,
    "id": 13,
    "title": "dolorum ut in voluptas mollitia et saepe quo animi",
    "body": "aut dicta possimus sint mollitia voluptas commodi quo doloremque\niste corrupti reiciendis voluptatem eius rerum\nsit cumque quod eligendi laborum minima\nperferendis recusandae assumenda consectetur porro architecto ipsum ipsam"
  },
  {
    "userId": 2,
    "id": 14,
    "title": "voluptatem eligendi optio",
    "body": "fuga et accusamus dolorum perferendis illo voluptas\nnon doloremque neque facere\nad qui dolorum molestiae beatae\nsed aut voluptas totam sit illum"
  },
  {
    "userId": 2,
    "id": 15,
    "title": "eveniet quod temporibus",
    "body": "reprehenderit quos placeat\nvelit minima officia dolores impedit repudiandae molestiae nam\nvoluptas recusandae quis delectus\nofficiis harum fugiat vitae"
  },
  {
    "userId": 2,
    "id": 16,
    "title": "sint suscipit perspiciatis velit dolorum rerum ipsa laboriosam odio",
    "body": "suscipit nam nisi quo aperiam aut\nasperiores eos fugit maiores voluptatibus quia\nvoluptatem quis ullam qui in alias quia est\nconsequatur magni mollitia accusamus ea nisi voluptate dicta"
  },
  {
    "userId": 2,
    "id": 17,
    "title": "fugit voluptas sed molestias voluptatem provident",
    "body": "eos voluptas et aut odit natus earum\naspernatur fuga molestiae ullam\ndeserunt ratione qui eos\nqui nihil ratione nemo velit ut aut id quo"
  },
  {
    "userId": 2,
    "id": 18,
    "title": "voluptate et itaque vero tempora molestiae",
    "body": "eveniet quo quis\nlaborum totam consequatur non dolor\nut et est repudiandae\nest voluptatem vel debitis et magnam"
  },
  {
    "userId": 2,
    "id": 19,
    "title": "adipisci placeat illum aut reiciendis qui",
    "body": "illum quis cupiditate provident sit magnam\nea sed aut omnis\nveniam maiores ullam consequatur atque\nadipisci quo iste expedita sit quos voluptas"
  },
  {
    "userId": 2,
    "id": 20,
    "title": "doloribus ad provident suscipit at",
    "body": "qui consequuntur ducimus possimus quisquam amet similique\nsuscipit porro ipsam amet\neos veritatis officiis exercitationem vel fugit aut necessitatibus totam\nomnis rerum consequatur expedita quidem cumque explicabo"
  },
  {
    "userId": 3,
    "id": 21,
    "title": "asperiores ea ipsam voluptatibus modi minima quia sint",
    "body": "repellat aliquid praesentium dolorem quo\nsed totam minus non itaque\nnihil labore molestiae sunt dolor eveniet hic recusandae veniam\ntempora et tenetur expedita sunt"
  },
  {
    "userId": 3,
    "id": 22,
    "title": "dolor sint quo a velit explicabo quia nam",
    "body": "eos qui et ipsum ipsam suscipit aut\nsed omnis non odio\nexpedita earum mollitia molestiae aut atque rem suscipit\nnam impedit esse"
  },
  {
    "userId": 3,
    "id": 23,
    "title": "maxime id vitae nihil numquam",
    "body": "veritatis unde neque eligendi\nquae quod architecto quo neque vitae\nest illo sit tempora doloremque fugit quod\net et vel beatae sequi ullam sed tenetur perspiciatis"
  },
  {
    "userId": 3,
    "id": 24,
    "title": "autem hic labore sunt dolores incidunt",
    "body": "enim et ex nulla\nomnis voluptas quia qui\nvoluptatem consequatur numquam aliquam sunt\ntotam recusandae id dignissimos aut sed asperiores deserunt"
  },
  {
    "userId": 3,
    "id": 25,
    "title": "rem alias distinctio quo quis",
    "body": "ullam consequatur ut\nomnis quis sit vel consequuntur\nipsa eligendi ipsum molestiae et omnis error nostrum\nmolestiae illo tempore quia et distinctio"
  },
  {
    "userId": 3,
    "id": 26,
    "title": "est et quae odit qui non",
    "body": "similique esse doloribus nihil accusamus\nomnis dolorem fuga consequuntur reprehenderit fugit recusandae temporibus\nperspiciatis cum ut laudantium\nomnis aut molestiae vel vero"
  },
  {
    "userId": 3,
    "id": 27,
    "title": "quasi id et eos tenetur aut quo autem",
    "body": "eum sed dolores ipsam sint possimus debitis occaecati\ndebitis qui qui et\nut placeat enim earum aut odit facilis\nconsequatur suscipit necessitatibus rerum sed inventore temporibus consequatur"
  },
  {
    "userId": 3,
    "id": 28,
    "title": "delectus ullam et corporis nulla voluptas sequi",
    "body": "non et quaerat ex quae ad maiores\nmaiores recusandae totam aut blanditiis mollitia quas illo\nut voluptatibus voluptatem\nsimilique nostrum eum"
  },
  {
    "userId": 3,
    "id": 29,
    "title": "iusto eius quod necessitatibus culpa ea",
    "body": "odit magnam ut saepe sed non qui\ntempora atque nihil\naccusamus illum doloribus illo dolor\neligendi repudiandae odit magni similique sed cum maiores"
  },
  {
    "userId": 3,
    "id": 30,
    "title": "a quo magni similique perferendis",
    "body": "alias dolor cumque\nimpedit blanditiis non eveniet odio maxime\nblanditiis amet eius quis tempora quia autem rem\na provident perspiciatis quia"
  },
  {
    "userId": 4,
    "id": 31,
    "title": "ullam ut quidem id aut vel consequuntur",
    "body": "debitis eius sed quibusdam non quis consectetur vitae\nimpedit ut qui consequatur sed aut in\nquidem sit nostrum et maiores adipisci atque\nquaerat voluptatem adipisci repudiandae"
  },
  {
    "userId": 4,
    "id": 32,
    "title": "doloremque illum aliquid sunt",
    "body": "deserunt eos nobis asperiores et hic\nest debitis repellat molestiae optio\nnihil ratione ut eos beatae quibusdam distinctio maiores\nearum voluptates et aut adipisci ea maiores voluptas maxime"
  },
  {
    "userId": 4,
    "id": 33,
    "title": "qui explicabo molestiae dolorem",
    "body": "rerum ut et numquam laborum odit est sit\nid qui sint in\nquasi tenetur tempore aperiam et quaerat qui in\nrerum officiis sequi cumque quod"
  },
  {
    "userId": 4,
    "id": 34,
    "title": "magnam ut rerum iure",
    "body": "ea velit perferendis earum ut voluptatem voluptate itaque iusto\ntotam pariatur in\nnemo voluptatem voluptatem autem magni tempora minima in\nest distinctio qui assumenda accusamus dignissimos officia nesciunt nobis"
  },
  {
    "userId": 4,
    "id": 35,
    "title": "id nihil consequatur molestias animi provident",
    "body": "nisi error delectus possimus ut eligendi vitae\nplaceat eos harum cupiditate facilis reprehenderit voluptatem beatae\nmodi ducimus quo illum voluptas eligendi\net nobis quia fugit"
  },
  {
    "userId": 4,
    "id": 36,
    "title": "fuga nam accusamus voluptas reiciendis itaque",
    "body": "ad mollitia et omnis minus architecto odit\nvoluptas doloremque maxime aut non ipsa qui alias veniam\nblanditiis culpa aut quia nihil cumque facere et occaecati\nqui aspernatur quia eaque ut aperiam inventore"
  },
  {
    "userId": 4,
    "id": 37,
    "title": "provident vel ut sit ratione est",
    "body": "debitis et eaque non officia sed nesciunt pariatur vel\nvoluptatem iste vero et ea\nnumquam aut expedita ipsum nulla in\nvoluptates omnis consequatur aut enim officiis in quam qui"
  },
  {
    "userId": 4,
    "id": 38,
    "title": "explicabo et eos deleniti nostrum ab id repellendus",
    "body": "animi esse sit aut sit nesciunt assumenda eum voluptas\nquia voluptatibus provident quia necessitatibus ea\nrerum repudiandae quia voluptatem delectus fugit aut id quia\nratione optio eos iusto veniam iure"
  },
  {
    "userId": 4,
    "id": 39,
    "title": "eos dolorem iste accusantium est eaque quam",
    "body": "corporis rerum ducimus vel eum accusantium\nmaxime aspernatur a porro possimus iste omnis\nest in deleniti asperiores fuga aut\nvoluptas sapiente vel dolore minus voluptatem incidunt ex"
  },
  {
    "userId": 4,
    "id": 40,
    "title": "enim quo cumque",
    "body": "ut voluptatum aliquid illo tenetur nemo sequi quo facilis\nipsum rem optio mollitia quas\nvoluptatem eum voluptas qui\nunde omnis voluptatem iure quasi maxime voluptas nam"
  },
  {
    "userId": 5,
    "id": 41,
    "title": "non est facere",
    "body": "molestias id nostrum\nexcepturi molestiae dolore omnis repellendus quaerat saepe\nconsectetur iste quaerat tenetur asperiores accusamus ex ut\nnam quidem est ducimus sunt debitis saepe"
  },
  {
    "userId": 5,
    "id": 42,
    "title": "commodi ullam sint et excepturi error explicabo praesentium voluptas",
    "body": "odio fugit voluptatum ducimus earum autem est incidunt voluptatem\nodit reiciendis aliquam sunt sequi nulla dolorem\nnon facere repellendus voluptates quia\nratione harum vitae ut"
  },
  {
    "userId": 5,
    "id": 43,
    "title": "eligendi iste nostrum consequuntur adipisci praesentium sit beatae perferendis",
    "body": "similique fugit est\nillum et dolorum harum et voluptate eaque quidem\nexercitationem quos nam commodi possimus cum odio nihil nulla\ndolorum exercitationem magnam ex et a et distinctio debitis"
  },
  {
    "userId": 5,
    "id": 44,
    "title": "optio dolor molestias sit",
    "body": "temporibus est consectetur dolore\net libero debitis vel velit laboriosam quia\nipsum quibusdam qui itaque fuga rem aut\nea et iure quam sed maxime ut distinctio quae"
  },
  {
    "userId": 5,
    "id": 45,
    "title": "ut numquam possimus omnis eius suscipit laudantium iure",
    "body": "est natus reiciendis nihil possimus aut provident\nex et dolor\nrepellat pariatur est\nnobis rerum repellendus dolorem autem"
  },
  {
    "userId": 5,
    "id": 46,
    "title": "aut quo modi neque nostrum ducimus",
    "body": "voluptatem quisquam iste\nvoluptatibus natus officiis facilis dolorem\nquis quas ipsam\nvel et voluptatum in aliquid"
  },
  {
    "userId": 5,
    "id": 47,
    "title": "quibusdam cumque rem aut deserunt",
    "body": "voluptatem assumenda ut qui ut cupiditate aut impedit veniam\noccaecati nemo illum voluptatem laudantium\nmolestiae beatae rerum ea iure soluta nostrum\neligendi et voluptate"
  },
  {
    "userId": 5,
    "id": 48,
    "title": "ut voluptatem illum ea doloribus itaque eos",
    "body": "voluptates quo voluptatem facilis iure occaecati\nvel assumenda rerum officia et\nillum perspiciatis ab deleniti\nlaudantium repellat ad ut et autem reprehenderit"
  },
  {
    "userId": 5,
    "id": 49,
    "title": "laborum non sunt aut ut assumenda perspiciatis voluptas",
    "body": "inventore ab sint\nnatus fugit id nulla sequi architecto nihil quaerat\neos tenetur in in eum veritatis non\nquibusdam officiis aspernatur cumque aut commodi aut"
  },
  {
    "userId": 5,
    "id": 50,
    "title": "repellendus qui recusandae incidunt voluptates tenetur qui omnis exercitationem",
    "body": "error suscipit maxime adipisci consequuntur recusandae\nvoluptas eligendi et est et voluptates\nquia distinctio ab amet quaerat molestiae et vitae\nadipisci impedit sequi nesciunt quis consectetur"
  },
  {
    "userId": 6,
    "id": 51,
    "title": "soluta aliquam aperiam consequatur illo quis voluptas",
    "body": "sunt dolores aut doloribus\ndolore doloribus voluptates tempora et\ndoloremque et quo\ncum asperiores sit consectetur dolorem"
  },
  {
    "userId": 6,
    "id": 52,
    "title": "qui enim et consequuntur quia animi quis voluptate quibusdam",
    "body": "iusto est quibusdam fuga quas quaerat molestias\na enim ut sit accusamus enim\ntemporibus iusto accusantium provident architecto\nsoluta esse reprehenderit qui laborum"
  },
  {
    "userId": 6,
    "id": 53,
    "title": "ut quo aut ducimus alias",
    "body": "minima harum praesentium eum rerum illo dolore\nquasi exercitationem rerum nam\nporro quis neque quo\nconsequatur minus dolor quidem veritatis sunt non explicabo similique"
  },
  {
    "userId": 6,
    "id": 54,
    "title": "sit asperiores ipsam eveniet odio non quia",
    "body": "totam corporis dignissimos\nvitae dolorem ut occaecati accusamus\nex velit deserunt\net exercitationem vero incidunt corrupti mollitia"
  },
  {
    "userId": 6,
    "id": 55,
    "title": "sit vel voluptatem et non libero",
    "body": "debitis excepturi ea perferendis harum libero optio\neos accusamus cum fuga ut sapiente repudiandae\net ut incidunt omnis molestiae\nnihil ut eum odit"
  },
  {
    "userId": 6,
    "id": 56,
    "title": "qui et at rerum necessitatibus",
    "body": "aut est omnis dolores\nneque rerum quod ea rerum velit pariatur beatae excepturi\net provident voluptas corrupti\ncorporis harum reprehenderit dolores eligendi"
  },
  {
    "userId": 6,
    "id": 57,
    "title": "sed ab est est",
    "body": "at pariatur consequuntur earum quidem\nquo est laudantium soluta voluptatem\nqui ullam et est\net cum voluptas voluptatum repellat est"
  },
  {
    "userId": 6,
    "id": 58,
    "title": "voluptatum itaque dolores nisi et quasi",
    "body": "veniam voluptatum quae adipisci id\net id quia eos ad et dolorem\naliquam quo nisi sunt eos impedit error\nad similique veniam"
  },
  {
    "userId": 6,
    "id": 59,
    "title": "qui commodi dolor at maiores et quis id accusantium",
    "body": "perspiciatis et quam ea autem temporibus non voluptatibus qui\nbeatae a earum officia nesciunt dolores suscipit voluptas et\nanimi doloribus cum rerum quas et magni\net hic ut ut commodi expedita sunt"
  },
  {
    "userId": 6,
    "id": 60,
    "title": "consequatur placeat omnis quisquam quia reprehenderit fugit veritatis facere",
    "body": "asperiores sunt ab assumenda cumque modi velit\nqui esse omnis\nvoluptate et fuga perferendis voluptas\nillo ratione amet aut et omnis"
  },
  {
    "userId": 7,
    "id": 61,
    "title": "voluptatem doloribus consectetur est ut ducimus",
    "body": "ab nemo optio odio\ndelectus tenetur corporis similique nobis repellendus rerum omnis facilis\nvero blanditiis debitis in nesciunt doloribus dicta dolores\nmagnam minus velit"
  },
  {
    "userId": 7,
    "id": 62,
    "title": "beatae enim quia vel",
    "body": "enim aspernatur illo distinctio quae praesentium\nbeatae alias amet delectus qui voluptate distinctio\nodit sint accusantium autem omnis\nquo molestiae omnis ea eveniet optio"
  },
  {
    "userId": 7,
    "id": 63,
    "title": "voluptas blanditiis repellendus animi ducimus error sapiente et suscipit",
    "body": "enim adipisci aspernatur nemo\nnumquam omnis facere dolorem dolor ex quis temporibus incidunt\nab delectus culpa quo reprehenderit blanditiis asperiores\naccusantium ut quam in voluptatibus voluptas ipsam dicta"
  },
  {
    "userId": 7,
    "id": 64,
    "title": "et fugit quas eum in in aperiam quod",
    "body": "id velit blanditiis\neum ea voluptatem\nmolestiae sint occaecati est eos perspiciatis\nincidunt a error provident eaque aut aut qui"
  },
  {
    "userId": 7,
    "id": 65,
    "title": "consequatur id enim sunt et et",
    "body": "voluptatibus ex esse\nsint explicabo est aliquid cumque adipisci fuga repellat labore\nmolestiae corrupti ex saepe at asperiores et perferendis\nnatus id esse incidunt pariatur"
  },
  {
    "userId": 7,
    "id": 66,
    "title": "repudiandae ea animi iusto",
    "body": "officia veritatis tenetur vero qui itaque\nsint non ratione\nsed et ut asperiores iusto eos molestiae nostrum\nveritatis quibusdam et nemo iusto saepe"
  },
  {
    "userId": 7,
    "id": 67,
    "title": "aliquid eos sed fuga est maxime repellendus",
    "body": "reprehenderit id nostrum\nvoluptas doloremque pariatur sint et accusantium quia quod aspernatur\net fugiat amet\nnon sapiente et consequatur necessitatibus molestiae"
  },
  {
    "userId": 7,
    "id": 68,
    "title": "odio quis facere architecto reiciendis optio",
    "body": "magnam molestiae perferendis quisquam\nqui cum reiciendis\nquaerat animi amet hic inventore\nea quia deleniti quidem saepe porro velit"
  },
  {
    "userId": 7,
    "id": 69,
    "title": "fugiat quod pariatur odit minima",
    "body": "officiis error culpa consequatur modi asperiores et\ndolorum assumenda voluptas et vel qui aut vel rerum\nvoluptatum quisquam perspiciatis quia rerum consequatur totam quas\nsequi commodi repudiandae asperiores et saepe a"
  },
  {
    "userId": 7,
    "id": 70,
    "title": "voluptatem laborum magni",
    "body": "sunt repellendus quae\nest asperiores aut deleniti esse accusamus repellendus quia aut\nquia dolorem unde\neum tempora esse dolore"
  },
  {
    "userId": 8,
    "id": 71,
    "title": "et iusto veniam et illum aut fuga",
    "body": "occaecati a doloribus\niste saepe consectetur placeat eum voluptate dolorem et\nqui quo quia voluptas\nrerum ut id enim velit est perferendis"
  },
  {
    "userId": 8,
    "id": 72,
    "title": "sint hic doloribus consequatur eos non id",
    "body": "quam occaecati qui deleniti consectetur\nconsequatur aut facere quas exercitationem aliquam hic voluptas\nneque id sunt ut aut accusamus\nsunt consectetur expedita inventore velit"
  },
  {
    "userId": 8,
    "id": 73,
    "title": "consequuntur deleniti eos quia temporibus ab aliquid at",
    "body": "voluptatem cumque tenetur consequatur expedita ipsum nemo quia explicabo\naut eum minima consequatur\ntempore cumque quae est et\net in consequuntur voluptatem voluptates aut"
  },
  {
    "userId": 8,
    "id": 74,
    "title": "enim unde ratione doloribus quas enim ut sit sapiente",
    "body": "odit qui et et necessitatibus sint veniam\nmollitia amet doloremque molestiae commodi similique magnam et quam\nblanditiis est itaque\nquo et tenetur ratione occaecati molestiae tempora"
  },
  {
    "userId": 8,
    "id": 75,
    "title": "dignissimos eum dolor ut enim et delectus in",
    "body": "commodi non non omnis et voluptas sit\nautem aut nobis magnam et sapiente voluptatem\net laborum repellat qui delectus facilis temporibus\nrerum amet et nemo voluptate expedita adipisci error dolorem"
  },
  {
    "userId": 8,
    "id": 76,
    "title": "doloremque officiis ad et non perferendis",
    "body": "ut animi facere\ntotam iusto tempore\nmolestiae eum aut et dolorem aperiam\nquaerat recusandae totam odio"
  },
  {
    "userId": 8,
    "id": 77,
    "title": "necessitatibus quasi exercitationem odio",
    "body": "modi ut in nulla repudiandae dolorum nostrum eos\naut consequatur omnis\nut incidunt est omnis iste et quam\nvoluptates sapiente aliquam asperiores nobis amet corrupti repudiandae provident"
  },
  {
    "userId": 8,
    "id": 78,
    "title": "quam voluptatibus rerum veritatis",
    "body": "nobis facilis odit tempore cupiditate quia\nassumenda doloribus rerum qui ea\nillum et qui totam\naut veniam repellendus"
  },
  {
    "userId": 8,
    "id": 79,
    "title": "pariatur consequatur quia magnam autem omnis non amet",
    "body": "libero accusantium et et facere incidunt sit dolorem\nnon excepturi qui quia sed laudantium\nquisquam molestiae ducimus est\nofficiis esse molestiae iste et quos"
  },
  {
    "userId": 8,
    "id": 80,
    "title": "labore in ex et explicabo corporis aut quas",
    "body": "ex quod dolorem ea eum iure qui provident amet\nquia qui facere excepturi et repudiandae\nasperiores molestias provident\nminus incidunt vero fugit rerum sint sunt excepturi provident"
  },
  {
    "userId": 9,
    "id": 81,
    "title": "tempora rem veritatis voluptas quo dolores vero",
    "body": "facere qui nesciunt est voluptatum voluptatem nisi\nsequi eligendi necessitatibus ea at rerum itaque\nharum non ratione velit laboriosam quis consequuntur\nex officiis minima doloremque voluptas ut aut"
  },
  {
    "userId": 9,
    "id": 82,
    "title": "laudantium voluptate suscipit sunt enim enim",
    "body": "ut libero sit aut totam inventore sunt\nporro sint qui sunt molestiae\nconsequatur cupiditate qui iste ducimus adipisci\ndolor enim assumenda soluta laboriosam amet iste delectus hic"
  },
  {
    "userId": 9,
    "id": 83,
    "title": "odit et voluptates doloribus alias odio et",
    "body": "est molestiae facilis quis tempora numquam nihil qui\nvoluptate sapiente consequatur est qui\nnecessitatibus autem aut ipsa aperiam modi dolore numquam\nreprehenderit eius rem quibusdam"
  },
  {
    "userId": 9,
    "id": 84,
    "title": "optio ipsam molestias necessitatibus occaecati facilis veritatis dolores aut",
    "body": "sint molestiae magni a et quos\neaque et quasi\nut rerum debitis similique veniam\nrecusandae dignissimos dolor incidunt consequatur odio"
  },
  {
    "userId": 9,
    "id": 85,
    "title": "dolore veritatis porro provident adipisci blanditiis et sunt",
    "body": "similique sed nisi voluptas iusto omnis\nmollitia et quo\nassumenda suscipit officia magnam sint sed tempora\nenim provident pariatur praesentium atque animi amet ratione"
  },
  {
    "userId": 9,
    "id": 86,
    "title": "placeat quia et porro iste",
    "body": "quasi excepturi consequatur iste autem temporibus sed molestiae beatae\net quaerat et esse ut\nvoluptatem occaecati et vel explicabo autem\nasperiores pariatur deserunt optio"
  },
  {
    "userId": 9,
    "id": 87,
    "title": "nostrum quis quasi placeat",
    "body": "eos et molestiae\nnesciunt ut a\ndolores perspiciatis repellendus repellat aliquid\nmagnam sint rem ipsum est"
  },
  {
    "userId": 9,
    "id": 88,
    "title": "sapiente omnis fugit eos",
    "body": "consequatur omnis est praesentium\nducimus non iste\nneque hic deserunt\nvoluptatibus veniam cum et rerum sed"
  },
  {
    "userId": 9,
    "id": 89,
    "title": "sint soluta et vel magnam aut ut sed qui",
    "body": "repellat aut aperiam totam temporibus autem et\narchitecto magnam ut\nconsequatur qui cupiditate rerum quia soluta dignissimos nihil iure\ntempore quas est"
  },
  {
    "userId": 9,
    "id": 90,
    "title": "ad iusto omnis odit dolor voluptatibus",
    "body": "minus omnis soluta quia\nqui sed adipisci voluptates illum ipsam voluptatem\neligendi officia ut in\neos soluta similique molestias praesentium blanditiis"
  },
  {
    "userId": 10,
    "id": 91,
    "title": "aut amet sed",
    "body": "libero voluptate eveniet aperiam sed\nsunt placeat suscipit molestias\nsimilique fugit nam natus\nexpedita consequatur consequatur dolores quia eos et placeat"
  },
  {
    "userId": 10,
    "id": 92,
    "title": "ratione ex tenetur perferendis",
    "body": "aut et excepturi dicta laudantium sint rerum nihil\nlaudantium et at\na neque minima officia et similique libero et\ncommodi voluptate qui"
  },
  {
    "userId": 10,
    "id": 93,
    "title": "beatae soluta recusandae",
    "body": "dolorem quibusdam ducimus consequuntur dicta aut quo laboriosam\nvoluptatem quis enim recusandae ut sed sunt\nnostrum est odit totam\nsit error sed sunt eveniet provident qui nulla"
  },
  {
    "userId": 10,
    "id": 94,
    "title": "qui qui voluptates illo iste minima",
    "body": "aspernatur expedita soluta quo ab ut similique\nexpedita dolores amet\nsed temporibus distinctio magnam saepe deleniti\nomnis facilis nam ipsum natus sint similique omnis"
  },
  {
    "userId": 10,
    "id": 95,
    "title": "id minus libero illum nam ad officiis",
    "body": "earum voluptatem facere provident blanditiis velit laboriosam\npariatur accusamus odio saepe\ncumque dolor qui a dicta ab doloribus consequatur omnis\ncorporis cupiditate eaque assumenda ad nesciunt"
  },
  {
    "userId": 10,
    "id": 96,
    "title": "quaerat velit veniam amet cupiditate aut numquam ut sequi",
    "body": "in non odio excepturi sint eum\nlabore voluptates vitae quia qui et\ninventore itaque rerum\nveniam non exercitationem delectus aut"
  },
  {
    "userId": 10,
    "id": 97,
    "title": "quas fugiat ut perspiciatis vero provident",
    "body": "eum non blanditiis soluta porro quibusdam voluptas\nvel voluptatem qui placeat dolores qui velit aut\nvel inventore aut cumque culpa explicabo aliquid at\nperspiciatis est et voluptatem dignissimos dolor itaque sit nam"
  },
  {
    "userId": 10,
    "id": 98,
    "title": "laboriosam dolor voluptates",
    "body": "doloremque ex facilis sit sint culpa\nsoluta assumenda eligendi non ut eius\nsequi ducimus vel quasi\nveritatis est dolores"
  },
  {
    "userId": 10,
    "id": 99,
    "title": "temporibus sit alias delectus eligendi possimus magni",
    "body": "quo deleniti praesentium dicta non quod\naut est molestias\nmolestias et officia quis nihil\nitaque dolorem quia"
  },
  {
    "userId": 10,
    "id": 100,
    "title": "at nam consequatur ea labore ea harum",
    "body": "cupiditate quo est a modi nesciunt soluta\nipsa voluptas error itaque dicta in\nautem qui minus magnam et distinctio eum\naccusamus ratione error aut"
  }
]

22:03:00.501 [pool-1-thread-3] DEBUG com.intuit.karate - response time in milliseconds: 911
1 < 201
1 < Date: Thu, 16 Feb 2023 15:03:00 GMT
1 < Content-Type: application/json; charset=utf-8
1 < Content-Length: 294
1 < Connection: keep-alive
1 < X-Powered-By: Express
1 < X-Ratelimit-Limit: 1000
1 < X-Ratelimit-Remaining: 999
1 < X-Ratelimit-Reset: 1676559825
1 < Vary: Origin, X-HTTP-Method-Override, Accept-Encoding
1 < Access-Control-Allow-Credentials: true
1 < Cache-Control: no-cache
1 < Pragma: no-cache
1 < Expires: -1
1 < Access-Control-Expose-Headers: Location
1 < Location: http://jsonplaceholder.typicode.com/posts/101
1 < X-Content-Type-Options: nosniff
1 < Etag: W/"126-nr6eiZed2Jbg24tdXMANhAGcHlI"
1 < Via: 1.1 vegur
1 < CF-Cache-Status: DYNAMIC
1 < Server-Timing: cf-q-config;dur=5.9999997574778e-06
1 < Report-To: {"endpoints":[{"url":"https:\/\/a.nel.cloudflare.com\/report\/v3?s=EQYki0im2awSYea%2F4PR3Y6SDe0WWpBCG9%2FlwZXgNNhkvrZ9o8YMaUu9W7Q28Fd5pfeGjsrwhyRNwpsyKPnpSsa4gBH%2B1DjN%2BXDnE%2BsD5i%2FtzX73L2%2F0kDmII84P%2BS6IR6KpdyG%2FyxRL5RdWjynY2"}],"group":"cf-nel","max_age":604800}
1 < NEL: {"success_fraction":0,"report_to":"cf-nel","max_age":604800}
1 < Server: cloudflare
1 < CF-RAY: 79a72ae0c8dbdf74-CGK
1 < alt-svc: h3=":443"; ma=86400, h3-29=":443"; ma=86400
{
  "userId": 1,
  "id": 101,
  "title": "sunt aut facere repellat provident occaecati excepturi optio reprehenderit",
  "body": "quia et suscipit\nsuscipit recusandae consequuntur expedita et cum\nreprehenderit molestiae ut ut quas totam\nnostrum rerum est autem sunt rem eveniet architecto"
}

22:03:01.628 [chromedriver_1676559779345-out] DEBUG c.i.k.d.chromedriver_1676559779345 - [1676559781.628][WARNING]: virtual void DevToolsClientImpl::AddListener(DevToolsEventListener *) subscribing a listener to the already connected DevToolsClient. Connection notification will not arrive.
22:03:01.667 [pool-1-thread-1] DEBUG com.intuit.karate - response time in milliseconds: 2011
1 < 200
1 < Content-Length: 800
1 < Content-Type: application/json; charset=utf-8
1 < cache-control: no-cache
{"value":{"capabilities":{"acceptInsecureCerts":false,"browserName":"chrome","browserVersion":"110.0.5481.100","chrome":{"chromedriverVersion":"110.0.5481.77 (65ed616c6e8ee3fe0ad64fe83796c020644d42af-refs/branch-heads/5481@{#839})","userDataDir":"/var/folders/h8/v7hqxffn4cx1v3x3q8zjdn_w0000gn/T/.com.google.Chrome.q69dSs"},"goog:chromeOptions":{"debuggerAddress":"localhost:62883"},"networkConnectionEnabled":false,"pageLoadStrategy":"normal","platformName":"mac os x","proxy":{},"setWindowRect":true,"strictFileInteractability":false,"timeouts":{"implicit":0,"pageLoad":300000,"script":30000},"unhandledPromptBehavior":"dismiss and notify","webauthn:extension:credBlob":true,"webauthn:extension:largeBlob":true,"webauthn:virtualAuthenticators":true},"sessionId":"726a7bbc9d918dc8c465de3e5401ff3a"}}

22:03:01.672 [pool-1-thread-1] DEBUG c.i.k.d.chromedriver_1676559779345 - init session id: 726a7bbc9d918dc8c465de3e5401ff3a
22:03:01.920 [pool-1-thread-1] DEBUG com.intuit.karate - request:
2 > POST http://localhost:9515/session/726a7bbc9d918dc8c465de3e5401ff3a/url
2 > Content-Type: application/json; charset=UTF-8
2 > Content-Length: 39
2 > Host: localhost:9515
2 > Connection: Keep-Alive
2 > User-Agent: Apache-HttpClient/4.5.13 (Java/18.0.1.1)
2 > Accept-Encoding: gzip,deflate
{"url":"https:\/\/www.saucedemo.com\/"}

22:03:03.901 [pool-1-thread-1] DEBUG com.intuit.karate - response time in milliseconds: 1965
2 < 200
2 < Content-Length: 14
2 < Content-Type: application/json; charset=utf-8
2 < cache-control: no-cache
{"value":null}

22:03:03.919 [pool-1-thread-1] DEBUG com.intuit.karate - request:
3 > POST http://localhost:9515/session/726a7bbc9d918dc8c465de3e5401ff3a/window/fullscreen
3 > Content-Type: application/json; charset=UTF-8
3 > Content-Length: 2
3 > Host: localhost:9515
3 > Connection: Keep-Alive
3 > User-Agent: Apache-HttpClient/4.5.13 (Java/18.0.1.1)
3 > Accept-Encoding: gzip,deflate
{}

22:03:04.075 [pool-1-thread-1] DEBUG com.intuit.karate - response time in milliseconds: 154
3 < 200
3 < Content-Length: 49
3 < Content-Type: application/json; charset=utf-8
3 < cache-control: no-cache
{"value":{"height":900,"width":1440,"x":0,"y":0}}

22:03:04.112 [pool-1-thread-1] DEBUG com.intuit.karate - request:
4 > POST http://localhost:9515/session/726a7bbc9d918dc8c465de3e5401ff3a/execute/sync
4 > Content-Type: application/json; charset=UTF-8
4 > Content-Length: 152
4 > Host: localhost:9515
4 > Connection: Keep-Alive
4 > User-Agent: Apache-HttpClient/4.5.13 (Java/18.0.1.1)
4 > Accept-Encoding: gzip,deflate
{"script":"return (function(){ var fun = function(_){ return !_.disabled }; var e = document.querySelector(\"div#root\"); return fun(e) })()","args":[]}

22:03:04.124 [pool-1-thread-1] DEBUG com.intuit.karate - response time in milliseconds: 9
4 < 200
4 < Content-Length: 14
4 < Content-Type: application/json; charset=utf-8
4 < cache-control: no-cache
{"value":true}

22:03:04.148 [pool-1-thread-1] DEBUG com.intuit.karate - request:
5 > POST http://localhost:9515/session/726a7bbc9d918dc8c465de3e5401ff3a/element
5 > Content-Type: application/json; charset=UTF-8
5 > Content-Length: 54
5 > Host: localhost:9515
5 > Connection: Keep-Alive
5 > User-Agent: Apache-HttpClient/4.5.13 (Java/18.0.1.1)
5 > Accept-Encoding: gzip,deflate
{"using":"xpath","value":"\/\/input[@id='user-name']"}

22:03:04.166 [pool-1-thread-1] DEBUG com.intuit.karate - response time in milliseconds: 14
5 < 200
5 < Content-Length: 88
5 < Content-Type: application/json; charset=utf-8
5 < cache-control: no-cache
{"value":{"element-6066-11e4-a52e-4f735466cecf":"d34b6a3a-8b2e-471a-b62f-9feb10eebe56"}}

22:03:04.179 [pool-1-thread-1] DEBUG com.intuit.karate - request:
6 > POST http://localhost:9515/session/726a7bbc9d918dc8c465de3e5401ff3a/element/d34b6a3a-8b2e-471a-b62f-9feb10eebe56/value
6 > Content-Type: application/json; charset=UTF-8
6 > Content-Length: 24
6 > Host: localhost:9515
6 > Connection: Keep-Alive
6 > User-Agent: Apache-HttpClient/4.5.13 (Java/18.0.1.1)
6 > Accept-Encoding: gzip,deflate
{"text":"standard_user"}

22:03:04.387 [pool-1-thread-1] DEBUG com.intuit.karate - response time in milliseconds: 194
6 < 200
6 < Content-Length: 14
6 < Content-Type: application/json; charset=utf-8
6 < cache-control: no-cache
{"value":null}

22:03:04.394 [pool-1-thread-1] DEBUG com.intuit.karate - request:
7 > POST http://localhost:9515/session/726a7bbc9d918dc8c465de3e5401ff3a/element
7 > Content-Type: application/json; charset=UTF-8
7 > Content-Length: 53
7 > Host: localhost:9515
7 > Connection: Keep-Alive
7 > User-Agent: Apache-HttpClient/4.5.13 (Java/18.0.1.1)
7 > Accept-Encoding: gzip,deflate
{"using":"xpath","value":"\/\/input[@id='password']"}

22:03:04.416 [pool-1-thread-1] DEBUG com.intuit.karate - response time in milliseconds: 22
7 < 200
7 < Content-Length: 88
7 < Content-Type: application/json; charset=utf-8
7 < cache-control: no-cache
{"value":{"element-6066-11e4-a52e-4f735466cecf":"3de17fe7-42d5-4bc5-81c7-4de5a206db3e"}}

22:03:04.419 [pool-1-thread-1] DEBUG com.intuit.karate - request:
8 > POST http://localhost:9515/session/726a7bbc9d918dc8c465de3e5401ff3a/element/3de17fe7-42d5-4bc5-81c7-4de5a206db3e/value
8 > Content-Type: application/json; charset=UTF-8
8 > Content-Length: 23
8 > Host: localhost:9515
8 > Connection: Keep-Alive
8 > User-Agent: Apache-HttpClient/4.5.13 (Java/18.0.1.1)
8 > Accept-Encoding: gzip,deflate
{"text":"secret_sauce"}

22:03:04.715 [pool-1-thread-1] DEBUG com.intuit.karate - response time in milliseconds: 296
8 < 200
8 < Content-Length: 14
8 < Content-Type: application/json; charset=utf-8
8 < cache-control: no-cache
{"value":null}

22:03:04.726 [pool-1-thread-1] DEBUG com.intuit.karate - request:
9 > POST http://localhost:9515/session/726a7bbc9d918dc8c465de3e5401ff3a/execute/sync
9 > Content-Type: application/json; charset=UTF-8
9 > Content-Length: 209
9 > Host: localhost:9515
9 > Connection: Keep-Alive
9 > User-Agent: Apache-HttpClient/4.5.13 (Java/18.0.1.1)
9 > Accept-Encoding: gzip,deflate
{"script":"return (function(){ var fun = function(_){ return !_.disabled }; var e = document.evaluate(\"\/\/input[@id='login-button']\", document, null, 9, null).singleNodeValue; return fun(e) })()","args":[]}

22:03:04.759 [pool-1-thread-1] DEBUG com.intuit.karate - response time in milliseconds: 33
9 < 200
9 < Content-Length: 14
9 < Content-Type: application/json; charset=utf-8
9 < cache-control: no-cache
{"value":true}

22:03:04.775 [pool-1-thread-1] DEBUG com.intuit.karate - request:
10 > POST http://localhost:9515/session/726a7bbc9d918dc8c465de3e5401ff3a/execute/sync
10 > Content-Type: application/json; charset=UTF-8
10 > Content-Length: 131
10 > Host: localhost:9515
10 > Connection: Keep-Alive
10 > User-Agent: Apache-HttpClient/4.5.13 (Java/18.0.1.1)
10 > Accept-Encoding: gzip,deflate
{"script":"return document.evaluate(\"\/\/input[@id='login-button']\", document, null, 9, null).singleNodeValue.click()","args":[]}

22:03:04.913 [pool-1-thread-1] DEBUG com.intuit.karate - response time in milliseconds: 138
10 < 200
10 < Content-Length: 14
10 < Content-Type: application/json; charset=utf-8
10 < cache-control: no-cache
{"value":null}

22:03:04.923 [pool-1-thread-1] DEBUG com.intuit.karate - request:
11 > POST http://localhost:9515/session/726a7bbc9d918dc8c465de3e5401ff3a/execute/sync
11 > Content-Type: application/json; charset=UTF-8
11 > Content-Length: 141
11 > Host: localhost:9515
11 > Connection: Keep-Alive
11 > User-Agent: Apache-HttpClient/4.5.13 (Java/18.0.1.1)
11 > Accept-Encoding: gzip,deflate
{"script":"return document.evaluate(\"\/\/div[normalize-space()='$29.99']\", document, null, 9, null).singleNodeValue.textContent","args":[]}

22:03:04.956 [pool-1-thread-1] DEBUG com.intuit.karate - response time in milliseconds: 30
11 < 200
11 < Content-Length: 18
11 < Content-Type: application/json; charset=utf-8
11 < cache-control: no-cache
{"value":"$29.99"}

22:03:04.971 [pool-1-thread-1] DEBUG com.intuit.karate - request:
12 > POST http://localhost:9515/session/726a7bbc9d918dc8c465de3e5401ff3a/execute/sync
12 > Content-Type: application/json; charset=UTF-8
12 > Content-Length: 229
12 > Host: localhost:9515
12 > Connection: Keep-Alive
12 > User-Agent: Apache-HttpClient/4.5.13 (Java/18.0.1.1)
12 > Accept-Encoding: gzip,deflate
{"script":"return (function(){ var fun = function(_){ return !_.disabled }; var e = document.evaluate(\"\/\/button[@id='add-to-cart-sauce-labs-backpack']\", document, null, 9, null).singleNodeValue; return fun(e) })()","args":[]}

22:03:04.977 [pool-1-thread-1] DEBUG com.intuit.karate - response time in milliseconds: 5
12 < 200
12 < Content-Length: 14
12 < Content-Type: application/json; charset=utf-8
12 < cache-control: no-cache
{"value":true}

22:03:04.980 [pool-1-thread-1] DEBUG com.intuit.karate - request:
13 > POST http://localhost:9515/session/726a7bbc9d918dc8c465de3e5401ff3a/execute/sync
13 > Content-Type: application/json; charset=UTF-8
13 > Content-Length: 151
13 > Host: localhost:9515
13 > Connection: Keep-Alive
13 > User-Agent: Apache-HttpClient/4.5.13 (Java/18.0.1.1)
13 > Accept-Encoding: gzip,deflate
{"script":"return document.evaluate(\"\/\/button[@id='add-to-cart-sauce-labs-backpack']\", document, null, 9, null).singleNodeValue.click()","args":[]}

22:03:04.989 [pool-1-thread-1] DEBUG com.intuit.karate - response time in milliseconds: 7
13 < 200
13 < Content-Length: 14
13 < Content-Type: application/json; charset=utf-8
13 < cache-control: no-cache
{"value":null}

22:03:04.993 [pool-1-thread-1] DEBUG com.intuit.karate - request:
14 > POST http://localhost:9515/session/726a7bbc9d918dc8c465de3e5401ff3a/execute/sync
14 > Content-Type: application/json; charset=UTF-8
14 > Content-Length: 214
14 > Host: localhost:9515
14 > Connection: Keep-Alive
14 > User-Agent: Apache-HttpClient/4.5.13 (Java/18.0.1.1)
14 > Accept-Encoding: gzip,deflate
{"script":"return (function(){ var fun = function(_){ return !_.disabled }; var e = document.evaluate(\"\/\/a[@class='shopping_cart_link']\", document, null, 9, null).singleNodeValue; return fun(e) })()","args":[]}

22:03:04.999 [pool-1-thread-1] DEBUG com.intuit.karate - response time in milliseconds: 5
14 < 200
14 < Content-Length: 14
14 < Content-Type: application/json; charset=utf-8
14 < cache-control: no-cache
{"value":true}

22:03:05.003 [pool-1-thread-1] DEBUG com.intuit.karate - request:
15 > POST http://localhost:9515/session/726a7bbc9d918dc8c465de3e5401ff3a/execute/sync
15 > Content-Type: application/json; charset=UTF-8
15 > Content-Length: 136
15 > Host: localhost:9515
15 > Connection: Keep-Alive
15 > User-Agent: Apache-HttpClient/4.5.13 (Java/18.0.1.1)
15 > Accept-Encoding: gzip,deflate
{"script":"return document.evaluate(\"\/\/a[@class='shopping_cart_link']\", document, null, 9, null).singleNodeValue.click()","args":[]}

22:03:05.020 [pool-1-thread-1] DEBUG com.intuit.karate - response time in milliseconds: 17
15 < 200
15 < Content-Length: 14
15 < Content-Type: application/json; charset=utf-8
15 < cache-control: no-cache
{"value":null}

22:03:05.023 [pool-1-thread-1] DEBUG com.intuit.karate - request:
16 > POST http://localhost:9515/session/726a7bbc9d918dc8c465de3e5401ff3a/execute/sync
16 > Content-Type: application/json; charset=UTF-8
16 > Content-Length: 144
16 > Host: localhost:9515
16 > Connection: Keep-Alive
16 > User-Agent: Apache-HttpClient/4.5.13 (Java/18.0.1.1)
16 > Accept-Encoding: gzip,deflate
{"script":"return document.evaluate(\"\/\/div[@class='inventory_item_price']\", document, null, 9, null).singleNodeValue.textContent","args":[]}

22:03:05.033 [pool-1-thread-1] DEBUG com.intuit.karate - response time in milliseconds: 10
16 < 200
16 < Content-Length: 18
16 < Content-Type: application/json; charset=utf-8
16 < cache-control: no-cache
{"value":"$29.99"}

22:03:05.038 [pool-1-thread-1] DEBUG com.intuit.karate - request:
17 > POST http://localhost:9515/session/726a7bbc9d918dc8c465de3e5401ff3a/execute/sync
17 > Content-Type: application/json; charset=UTF-8
17 > Content-Length: 206
17 > Host: localhost:9515
17 > Connection: Keep-Alive
17 > User-Agent: Apache-HttpClient/4.5.13 (Java/18.0.1.1)
17 > Accept-Encoding: gzip,deflate
{"script":"return (function(){ var fun = function(_){ return !_.disabled }; var e = document.evaluate(\"\/\/button[@id='checkout']\", document, null, 9, null).singleNodeValue; return fun(e) })()","args":[]}

22:03:05.044 [pool-1-thread-1] DEBUG com.intuit.karate - response time in milliseconds: 6
17 < 200
17 < Content-Length: 14
17 < Content-Type: application/json; charset=utf-8
17 < cache-control: no-cache
{"value":true}

22:03:05.049 [pool-1-thread-1] DEBUG com.intuit.karate - request:
18 > POST http://localhost:9515/session/726a7bbc9d918dc8c465de3e5401ff3a/execute/sync
18 > Content-Type: application/json; charset=UTF-8
18 > Content-Length: 128
18 > Host: localhost:9515
18 > Connection: Keep-Alive
18 > User-Agent: Apache-HttpClient/4.5.13 (Java/18.0.1.1)
18 > Accept-Encoding: gzip,deflate
{"script":"return document.evaluate(\"\/\/button[@id='checkout']\", document, null, 9, null).singleNodeValue.click()","args":[]}

22:03:05.060 [pool-1-thread-1] DEBUG com.intuit.karate - response time in milliseconds: 11
18 < 200
18 < Content-Length: 14
18 < Content-Type: application/json; charset=utf-8
18 < cache-control: no-cache
{"value":null}

22:03:05.070 [pool-1-thread-1] DEBUG com.intuit.karate - request:
19 > POST http://localhost:9515/session/726a7bbc9d918dc8c465de3e5401ff3a/execute/sync
19 > Content-Type: application/json; charset=UTF-8
19 > Content-Length: 131
19 > Host: localhost:9515
19 > Connection: Keep-Alive
19 > User-Agent: Apache-HttpClient/4.5.13 (Java/18.0.1.1)
19 > Accept-Encoding: gzip,deflate
{"script":"return (document.evaluate(\"\/\/input[@id='first-name']\", document, null, 9, null).singleNodeValue != null)","args":[]}

22:03:05.080 [pool-1-thread-1] DEBUG com.intuit.karate - response time in milliseconds: 9
19 < 200
19 < Content-Length: 14
19 < Content-Type: application/json; charset=utf-8
19 < cache-control: no-cache
{"value":true}

22:03:05.083 [pool-1-thread-1] DEBUG com.intuit.karate - request:
20 > POST http://localhost:9515/session/726a7bbc9d918dc8c465de3e5401ff3a/element
20 > Content-Type: application/json; charset=UTF-8
20 > Content-Length: 55
20 > Host: localhost:9515
20 > Connection: Keep-Alive
20 > User-Agent: Apache-HttpClient/4.5.13 (Java/18.0.1.1)
20 > Accept-Encoding: gzip,deflate
{"using":"xpath","value":"\/\/input[@id='first-name']"}

22:03:05.094 [pool-1-thread-1] DEBUG com.intuit.karate - response time in milliseconds: 11
20 < 200
20 < Content-Length: 88
20 < Content-Type: application/json; charset=utf-8
20 < cache-control: no-cache
{"value":{"element-6066-11e4-a52e-4f735466cecf":"8eaa7602-335e-489c-839e-710f5b4913bf"}}

22:03:05.097 [pool-1-thread-1] DEBUG com.intuit.karate - request:
21 > POST http://localhost:9515/session/726a7bbc9d918dc8c465de3e5401ff3a/element/8eaa7602-335e-489c-839e-710f5b4913bf/value
21 > Content-Type: application/json; charset=UTF-8
21 > Content-Length: 15
21 > Host: localhost:9515
21 > Connection: Keep-Alive
21 > User-Agent: Apache-HttpClient/4.5.13 (Java/18.0.1.1)
21 > Accept-Encoding: gzip,deflate
{"text":"Axel"}

22:03:05.167 [pool-1-thread-1] DEBUG com.intuit.karate - response time in milliseconds: 69
21 < 200
21 < Content-Length: 14
21 < Content-Type: application/json; charset=utf-8
21 < cache-control: no-cache
{"value":null}

22:03:05.171 [pool-1-thread-1] DEBUG com.intuit.karate - request:
22 > POST http://localhost:9515/session/726a7bbc9d918dc8c465de3e5401ff3a/execute/sync
22 > Content-Type: application/json; charset=UTF-8
22 > Content-Length: 130
22 > Host: localhost:9515
22 > Connection: Keep-Alive
22 > User-Agent: Apache-HttpClient/4.5.13 (Java/18.0.1.1)
22 > Accept-Encoding: gzip,deflate
{"script":"return (document.evaluate(\"\/\/input[@id='last-name']\", document, null, 9, null).singleNodeValue != null)","args":[]}

22:03:05.178 [pool-1-thread-1] DEBUG com.intuit.karate - response time in milliseconds: 6
22 < 200
22 < Content-Length: 14
22 < Content-Type: application/json; charset=utf-8
22 < cache-control: no-cache
{"value":true}

22:03:05.181 [pool-1-thread-1] DEBUG com.intuit.karate - request:
23 > POST http://localhost:9515/session/726a7bbc9d918dc8c465de3e5401ff3a/element
23 > Content-Type: application/json; charset=UTF-8
23 > Content-Length: 54
23 > Host: localhost:9515
23 > Connection: Keep-Alive
23 > User-Agent: Apache-HttpClient/4.5.13 (Java/18.0.1.1)
23 > Accept-Encoding: gzip,deflate
{"using":"xpath","value":"\/\/input[@id='last-name']"}

22:03:05.192 [pool-1-thread-1] DEBUG com.intuit.karate - response time in milliseconds: 11
23 < 200
23 < Content-Length: 88
23 < Content-Type: application/json; charset=utf-8
23 < cache-control: no-cache
{"value":{"element-6066-11e4-a52e-4f735466cecf":"22214592-090f-4661-b602-cde9467b82c4"}}

22:03:05.195 [pool-1-thread-1] DEBUG com.intuit.karate - request:
24 > POST http://localhost:9515/session/726a7bbc9d918dc8c465de3e5401ff3a/element/22214592-090f-4661-b602-cde9467b82c4/value
24 > Content-Type: application/json; charset=UTF-8
24 > Content-Length: 21
24 > Host: localhost:9515
24 > Connection: Keep-Alive
24 > User-Agent: Apache-HttpClient/4.5.13 (Java/18.0.1.1)
24 > Accept-Encoding: gzip,deflate
{"text":"Yudhiputra"}

22:03:05.280 [pool-1-thread-1] DEBUG com.intuit.karate - response time in milliseconds: 84
24 < 200
24 < Content-Length: 14
24 < Content-Type: application/json; charset=utf-8
24 < cache-control: no-cache
{"value":null}

22:03:05.292 [pool-1-thread-1] DEBUG com.intuit.karate - request:
25 > POST http://localhost:9515/session/726a7bbc9d918dc8c465de3e5401ff3a/execute/sync
25 > Content-Type: application/json; charset=UTF-8
25 > Content-Length: 132
25 > Host: localhost:9515
25 > Connection: Keep-Alive
25 > User-Agent: Apache-HttpClient/4.5.13 (Java/18.0.1.1)
25 > Accept-Encoding: gzip,deflate
{"script":"return (document.evaluate(\"\/\/input[@id='postal-code']\", document, null, 9, null).singleNodeValue != null)","args":[]}

22:03:05.310 [pool-1-thread-1] DEBUG com.intuit.karate - response time in milliseconds: 4
25 < 200
25 < Content-Length: 14
25 < Content-Type: application/json; charset=utf-8
25 < cache-control: no-cache
{"value":true}

22:03:05.325 [pool-1-thread-1] DEBUG com.intuit.karate - request:
26 > POST http://localhost:9515/session/726a7bbc9d918dc8c465de3e5401ff3a/element
26 > Content-Type: application/json; charset=UTF-8
26 > Content-Length: 56
26 > Host: localhost:9515
26 > Connection: Keep-Alive
26 > User-Agent: Apache-HttpClient/4.5.13 (Java/18.0.1.1)
26 > Accept-Encoding: gzip,deflate
{"using":"xpath","value":"\/\/input[@id='postal-code']"}

22:03:05.352 [pool-1-thread-1] DEBUG com.intuit.karate - response time in milliseconds: 9
26 < 200
26 < Content-Length: 88
26 < Content-Type: application/json; charset=utf-8
26 < cache-control: no-cache
{"value":{"element-6066-11e4-a52e-4f735466cecf":"ad8da920-1e9b-4bef-a790-25fc81900bc7"}}

22:03:05.365 [pool-1-thread-1] DEBUG com.intuit.karate - request:
27 > POST http://localhost:9515/session/726a7bbc9d918dc8c465de3e5401ff3a/element/ad8da920-1e9b-4bef-a790-25fc81900bc7/value
27 > Content-Type: application/json; charset=UTF-8
27 > Content-Length: 16
27 > Host: localhost:9515
27 > Connection: Keep-Alive
27 > User-Agent: Apache-HttpClient/4.5.13 (Java/18.0.1.1)
27 > Accept-Encoding: gzip,deflate
{"text":"10150"}

22:03:05.450 [pool-1-thread-1] DEBUG com.intuit.karate - response time in milliseconds: 68
27 < 200
27 < Content-Length: 14
27 < Content-Type: application/json; charset=utf-8
27 < cache-control: no-cache
{"value":null}

22:03:05.464 [pool-1-thread-1] DEBUG com.intuit.karate - request:
28 > POST http://localhost:9515/session/726a7bbc9d918dc8c465de3e5401ff3a/execute/sync
28 > Content-Type: application/json; charset=UTF-8
28 > Content-Length: 205
28 > Host: localhost:9515
28 > Connection: Keep-Alive
28 > User-Agent: Apache-HttpClient/4.5.13 (Java/18.0.1.1)
28 > Accept-Encoding: gzip,deflate
{"script":"return (function(){ var fun = function(_){ return !_.disabled }; var e = document.evaluate(\"\/\/input[@id='continue']\", document, null, 9, null).singleNodeValue; return fun(e) })()","args":[]}

22:03:05.488 [pool-1-thread-1] DEBUG com.intuit.karate - response time in milliseconds: 6
28 < 200
28 < Content-Length: 14
28 < Content-Type: application/json; charset=utf-8
28 < cache-control: no-cache
{"value":true}

22:03:05.506 [pool-1-thread-1] DEBUG com.intuit.karate - request:
29 > POST http://localhost:9515/session/726a7bbc9d918dc8c465de3e5401ff3a/execute/sync
29 > Content-Type: application/json; charset=UTF-8
29 > Content-Length: 127
29 > Host: localhost:9515
29 > Connection: Keep-Alive
29 > User-Agent: Apache-HttpClient/4.5.13 (Java/18.0.1.1)
29 > Accept-Encoding: gzip,deflate
{"script":"return document.evaluate(\"\/\/input[@id='continue']\", document, null, 9, null).singleNodeValue.click()","args":[]}

22:03:05.562 [pool-1-thread-1] DEBUG com.intuit.karate - response time in milliseconds: 24
29 < 200
29 < Content-Length: 14
29 < Content-Type: application/json; charset=utf-8
29 < cache-control: no-cache
{"value":null}

22:03:05.582 [pool-1-thread-1] DEBUG com.intuit.karate - request:
30 > POST http://localhost:9515/session/726a7bbc9d918dc8c465de3e5401ff3a/execute/sync
30 > Content-Type: application/json; charset=UTF-8
30 > Content-Length: 204
30 > Host: localhost:9515
30 > Connection: Keep-Alive
30 > User-Agent: Apache-HttpClient/4.5.13 (Java/18.0.1.1)
30 > Accept-Encoding: gzip,deflate
{"script":"return (function(){ var fun = function(_){ return !_.disabled }; var e = document.evaluate(\"\/\/button[@id='finish']\", document, null, 9, null).singleNodeValue; return fun(e) })()","args":[]}

22:03:05.604 [pool-1-thread-1] DEBUG com.intuit.karate - response time in milliseconds: 5
30 < 200
30 < Content-Length: 14
30 < Content-Type: application/json; charset=utf-8
30 < cache-control: no-cache
{"value":true}

22:03:05.621 [pool-1-thread-1] DEBUG com.intuit.karate - request:
31 > POST http://localhost:9515/session/726a7bbc9d918dc8c465de3e5401ff3a/execute/sync
31 > Content-Type: application/json; charset=UTF-8
31 > Content-Length: 126
31 > Host: localhost:9515
31 > Connection: Keep-Alive
31 > User-Agent: Apache-HttpClient/4.5.13 (Java/18.0.1.1)
31 > Accept-Encoding: gzip,deflate
{"script":"return document.evaluate(\"\/\/button[@id='finish']\", document, null, 9, null).singleNodeValue.click()","args":[]}

22:03:05.658 [pool-1-thread-1] DEBUG com.intuit.karate - response time in milliseconds: 19
31 < 200
31 < Content-Length: 14
31 < Content-Type: application/json; charset=utf-8
31 < cache-control: no-cache
{"value":null}

22:03:05.665 [pool-1-thread-1] DEBUG com.intuit.karate - request:
32 > POST http://localhost:9515/session/726a7bbc9d918dc8c465de3e5401ff3a/execute/sync
32 > Content-Type: application/json; charset=UTF-8
32 > Content-Length: 271
32 > Host: localhost:9515
32 > Connection: Keep-Alive
32 > User-Agent: Apache-HttpClient/4.5.13 (Java/18.0.1.1)
32 > Accept-Encoding: gzip,deflate
{"script":"return (function(){ var fun = function(_){ return _.textContent.includes('THANK YOU FOR YOUR ORDER') }; var e = document.evaluate(\"\/\/h2[normalize-space()='THANK YOU FOR YOUR ORDER']\", document, null, 9, null).singleNodeValue; return fun(e) })()","args":[]}

22:03:05.687 [pool-1-thread-1] DEBUG com.intuit.karate - response time in milliseconds: 6
32 < 200
32 < Content-Length: 14
32 < Content-Type: application/json; charset=utf-8
32 < cache-control: no-cache
{"value":true}

22:03:05.702 [pool-1-thread-1] DEBUG com.intuit.karate - request:
33 > DELETE http://localhost:9515/session/726a7bbc9d918dc8c465de3e5401ff3a/window
33 > Host: localhost:9515
33 > Connection: Keep-Alive
33 > User-Agent: Apache-HttpClient/4.5.13 (Java/18.0.1.1)
33 > Accept-Encoding: gzip,deflate


22:03:05.807 [pool-1-thread-1] DEBUG com.intuit.karate - response time in milliseconds: 87
33 < 200
33 < Content-Length: 12
33 < Content-Type: application/json; charset=utf-8
33 < cache-control: no-cache
{"value":[]}

22:03:05.818 [pool-1-thread-1] DEBUG com.intuit.karate - request:
34 > DELETE http://localhost:9515/session/726a7bbc9d918dc8c465de3e5401ff3a
34 > Host: localhost:9515
34 > Connection: Keep-Alive
34 > User-Agent: Apache-HttpClient/4.5.13 (Java/18.0.1.1)
34 > Accept-Encoding: gzip,deflate


22:03:05.864 [pool-1-thread-1] DEBUG com.intuit.karate - response time in milliseconds: 46
34 < 200
34 < Content-Length: 14
34 < Content-Type: application/json; charset=utf-8
34 < cache-control: no-cache
{"value":null}

22:03:05.865 [pool-1-thread-1] DEBUG com.intuit.karate.shell.Command - closing command: chromedriver_1676559779345
22:03:05.872 [chromedriver_1676559779345] WARN  com.intuit.karate.shell.Command - exit code was non-zero: 137 - [/Users/axelyudhiputra/Downloads/myproject/./src/test/java/driver/chromedriver, --port=9515, --user-data-dir=/Users/axelyudhiputra/Downloads/myproject/target/chromedriver_1676559779345] working dir: target/chromedriver_1676559779345
22:03:06.992 [pool-2-thread-1] INFO  com.intuit.karate.Suite - <<pass>> feature 1 of 2 (1 remaining) classpath:test/soal2/soal2.feature
22:03:07.185 [pool-2-thread-1] INFO  com.intuit.karate.Suite - <<pass>> feature 2 of 2 (0 remaining) classpath:test/soal3/soal3.feature
